<?xml version="1.0" encoding="UTF-8"?>
<testng-results ignored="1" total="5" passed="4" failed="0" skipped="0">
  <reporter-output>
  </reporter-output>
  <suite started-at="2025-08-26T18:31:12 IST" name="Suite" finished-at="2025-08-26T18:32:03 IST" duration-ms="51415">
    <groups>
    </groups>
    <test started-at="2025-08-26T18:31:12 IST" name="ChromeTest" finished-at="2025-08-26T18:31:12 IST" duration-ms="40">
    </test> <!-- ChromeTest -->
    <test started-at="2025-08-26T18:31:12 IST" name="EdgeTest" finished-at="2025-08-26T18:31:57 IST" duration-ms="45041">
      <class name="pac1.TC009_TestNG">
        <test-method is-config="true" signature="beforeTest()[pri:0, instance:pac1.TC009_TestNG@424e1977]" started-at="2025-08-26T18:31:12 IST" name="beforeTest" finished-at="2025-08-26T18:31:12 IST" duration-ms="1" status="PASS">
          <reporter-output>
          </reporter-output>
        </test-method> <!-- beforeTest -->
        <test-method is-config="true" signature="beforeClass()[pri:0, instance:pac1.TC009_TestNG@424e1977]" started-at="2025-08-26T18:31:12 IST" name="beforeClass" finished-at="2025-08-26T18:31:12 IST" duration-ms="4" status="PASS">
          <reporter-output>
          </reporter-output>
        </test-method> <!-- beforeClass -->
        <test-method is-config="true" signature="beforeMethod(java.lang.String)[pri:0, instance:pac1.TC009_TestNG@424e1977]" started-at="2025-08-26T18:31:12 IST" name="beforeMethod" finished-at="2025-08-26T18:31:19 IST" duration-ms="7074" status="PASS">
          <params>
            <param index="0">
              <value>
                <![CDATA[edge]]>
              </value>
            </param>
          </params>
          <reporter-output>
          </reporter-output>
        </test-method> <!-- beforeMethod -->
        <test-method signature="f(java.lang.String,java.lang.String)[pri:0, instance:pac1.TC009_TestNG@424e1977]" started-at="2025-08-26T18:31:19 IST" name="f" data-provider="logindata" finished-at="2025-08-26T18:31:29 IST" duration-ms="10342" status="PASS">
          <params>
            <param index="0">
              <value>
                <![CDATA[Admin]]>
              </value>
            </param>
            <param index="1">
              <value>
                <![CDATA[admin123]]>
              </value>
            </param>
          </params>
          <reporter-output>
          </reporter-output>
        </test-method> <!-- f -->
        <test-method is-config="true" signature="afterMethod()[pri:0, instance:pac1.TC009_TestNG@424e1977]" started-at="2025-08-26T18:31:29 IST" name="afterMethod" finished-at="2025-08-26T18:31:33 IST" duration-ms="3918" status="PASS">
          <reporter-output>
          </reporter-output>
        </test-method> <!-- afterMethod -->
        <test-method is-config="true" signature="beforeMethod(java.lang.String)[pri:0, instance:pac1.TC009_TestNG@424e1977]" started-at="2025-08-26T18:31:33 IST" name="beforeMethod" finished-at="2025-08-26T18:31:38 IST" duration-ms="5338" status="PASS">
          <params>
            <param index="0">
              <value>
                <![CDATA[edge]]>
              </value>
            </param>
          </params>
          <reporter-output>
          </reporter-output>
        </test-method> <!-- beforeMethod -->
        <test-method signature="f(java.lang.String,java.lang.String)[pri:0, instance:pac1.TC009_TestNG@424e1977]" started-at="2025-08-26T18:31:38 IST" name="f" data-provider="logindata" finished-at="2025-08-26T18:31:55 IST" duration-ms="16405" status="PASS">
          <params>
            <param index="0">
              <value>
                <![CDATA[Pooja]]>
              </value>
            </param>
            <param index="1">
              <value>
                <![CDATA[Welcome]]>
              </value>
            </param>
          </params>
          <reporter-output>
          </reporter-output>
        </test-method> <!-- f -->
        <test-method is-config="true" signature="afterMethod()[pri:0, instance:pac1.TC009_TestNG@424e1977]" started-at="2025-08-26T18:31:55 IST" name="afterMethod" finished-at="2025-08-26T18:31:57 IST" duration-ms="1782" status="PASS">
          <reporter-output>
          </reporter-output>
        </test-method> <!-- afterMethod -->
        <test-method is-config="true" signature="afterClass()[pri:0, instance:pac1.TC009_TestNG@424e1977]" started-at="2025-08-26T18:31:57 IST" name="afterClass" finished-at="2025-08-26T18:31:57 IST" duration-ms="1" status="PASS">
          <reporter-output>
          </reporter-output>
        </test-method> <!-- afterClass -->
        <test-method is-config="true" signature="afterTest()[pri:0, instance:pac1.TC009_TestNG@424e1977]" started-at="2025-08-26T18:31:57 IST" name="afterTest" finished-at="2025-08-26T18:31:57 IST" duration-ms="1" status="PASS">
          <reporter-output>
          </reporter-output>
        </test-method> <!-- afterTest -->
      </class> <!-- pac1.TC009_TestNG -->
    </test> <!-- EdgeTest -->
    <test started-at="2025-08-26T18:31:12 IST" name="FireFoxTest" finished-at="2025-08-26T18:32:03 IST" duration-ms="51409">
      <class name="pac1.TC009_TestNG">
        <test-method is-config="true" signature="beforeSuite()[pri:0, instance:pac1.TC009_TestNG@6db9f5a4]" started-at="2025-08-26T18:31:11 IST" name="beforeSuite" finished-at="2025-08-26T18:31:12 IST" duration-ms="35" status="PASS">
          <reporter-output>
          </reporter-output>
        </test-method> <!-- beforeSuite -->
        <test-method is-config="true" signature="beforeTest()[pri:0, instance:pac1.TC009_TestNG@6db9f5a4]" started-at="2025-08-26T18:31:12 IST" name="beforeTest" finished-at="2025-08-26T18:31:12 IST" duration-ms="1" status="PASS">
          <reporter-output>
          </reporter-output>
        </test-method> <!-- beforeTest -->
        <test-method is-config="true" signature="beforeClass()[pri:0, instance:pac1.TC009_TestNG@6db9f5a4]" started-at="2025-08-26T18:31:12 IST" name="beforeClass" finished-at="2025-08-26T18:31:12 IST" duration-ms="1" status="PASS">
          <reporter-output>
          </reporter-output>
        </test-method> <!-- beforeClass -->
        <test-method is-config="true" signature="beforeMethod(java.lang.String)[pri:0, instance:pac1.TC009_TestNG@6db9f5a4]" started-at="2025-08-26T18:31:12 IST" name="beforeMethod" finished-at="2025-08-26T18:31:24 IST" duration-ms="12101" status="PASS">
          <params>
            <param index="0">
              <value>
                <![CDATA[firefox]]>
              </value>
            </param>
          </params>
          <reporter-output>
          </reporter-output>
        </test-method> <!-- beforeMethod -->
        <test-method signature="f(java.lang.String,java.lang.String)[pri:0, instance:pac1.TC009_TestNG@6db9f5a4]" started-at="2025-08-26T18:31:24 IST" name="f" data-provider="logindata" finished-at="2025-08-26T18:31:37 IST" duration-ms="13460" status="PASS">
          <params>
            <param index="0">
              <value>
                <![CDATA[Admin]]>
              </value>
            </param>
            <param index="1">
              <value>
                <![CDATA[admin123]]>
              </value>
            </param>
          </params>
          <reporter-output>
          </reporter-output>
        </test-method> <!-- f -->
        <test-method is-config="true" signature="afterMethod()[pri:0, instance:pac1.TC009_TestNG@6db9f5a4]" started-at="2025-08-26T18:31:37 IST" name="afterMethod" finished-at="2025-08-26T18:31:43 IST" duration-ms="5385" status="PASS">
          <reporter-output>
          </reporter-output>
        </test-method> <!-- afterMethod -->
        <test-method is-config="true" signature="beforeMethod(java.lang.String)[pri:0, instance:pac1.TC009_TestNG@6db9f5a4]" started-at="2025-08-26T18:31:43 IST" name="beforeMethod" finished-at="2025-08-26T18:31:48 IST" duration-ms="5257" status="PASS">
          <params>
            <param index="0">
              <value>
                <![CDATA[firefox]]>
              </value>
            </param>
          </params>
          <reporter-output>
          </reporter-output>
        </test-method> <!-- beforeMethod -->
        <test-method signature="f(java.lang.String,java.lang.String)[pri:0, instance:pac1.TC009_TestNG@6db9f5a4]" started-at="2025-08-26T18:31:48 IST" name="f" data-provider="logindata" finished-at="2025-08-26T18:32:00 IST" duration-ms="12071" status="PASS">
          <params>
            <param index="0">
              <value>
                <![CDATA[Pooja]]>
              </value>
            </param>
            <param index="1">
              <value>
                <![CDATA[Welcome]]>
              </value>
            </param>
          </params>
          <reporter-output>
          </reporter-output>
        </test-method> <!-- f -->
        <test-method is-config="true" signature="afterMethod()[pri:0, instance:pac1.TC009_TestNG@6db9f5a4]" started-at="2025-08-26T18:32:00 IST" name="afterMethod" finished-at="2025-08-26T18:32:03 IST" duration-ms="2939" status="PASS">
          <reporter-output>
          </reporter-output>
        </test-method> <!-- afterMethod -->
        <test-method is-config="true" signature="afterClass()[pri:0, instance:pac1.TC009_TestNG@6db9f5a4]" started-at="2025-08-26T18:32:03 IST" name="afterClass" finished-at="2025-08-26T18:32:03 IST" duration-ms="1" status="PASS">
          <reporter-output>
          </reporter-output>
        </test-method> <!-- afterClass -->
        <test-method is-config="true" signature="afterTest()[pri:0, instance:pac1.TC009_TestNG@6db9f5a4]" started-at="2025-08-26T18:32:03 IST" name="afterTest" finished-at="2025-08-26T18:32:03 IST" duration-ms="5" status="PASS">
          <reporter-output>
          </reporter-output>
        </test-method> <!-- afterTest -->
        <test-method is-config="true" signature="afterSuite()[pri:0, instance:pac1.TC009_TestNG@6db9f5a4]" started-at="2025-08-26T18:32:03 IST" name="afterSuite" finished-at="2025-08-26T18:32:03 IST" duration-ms="1" status="PASS">
          <reporter-output>
          </reporter-output>
        </test-method> <!-- afterSuite -->
      </class> <!-- pac1.TC009_TestNG -->
    </test> <!-- FireFoxTest -->
  </suite> <!-- Suite -->
</testng-results>
