<?xml version="1.0" encoding="UTF-8"?>
<testng-results ignored="0" total="4" passed="4" failed="0" skipped="0">
  <reporter-output>
  </reporter-output>
  <suite started-at="2025-08-26T18:44:26 IST" name="Suite" finished-at="2025-08-26T18:45:08 IST" duration-ms="42405">
    <groups>
    </groups>
    <test started-at="2025-08-26T18:44:26 IST" name="Test" finished-at="2025-08-26T18:45:08 IST" duration-ms="42405">
      <class name="pac1.Lab8A_TestNG">
        <test-method is-config="true" signature="beforeSuite()[pri:0, instance:pac1.Lab8A_TestNG@7dc0f706]" started-at="2025-08-26T18:44:26 IST" name="beforeSuite" finished-at="2025-08-26T18:44:26 IST" duration-ms="30" status="PASS">
          <reporter-output>
          </reporter-output>
        </test-method> <!-- beforeSuite -->
        <test-method is-config="true" signature="beforeTest()[pri:0, instance:pac1.Lab8A_TestNG@7dc0f706]" started-at="2025-08-26T18:44:26 IST" name="beforeTest" finished-at="2025-08-26T18:44:26 IST" duration-ms="2" status="PASS">
          <reporter-output>
          </reporter-output>
        </test-method> <!-- beforeTest -->
        <test-method is-config="true" signature="beforeClass()[pri:0, instance:pac1.Lab8A_TestNG@7dc0f706]" started-at="2025-08-26T18:44:50 IST" name="beforeClass" finished-at="2025-08-26T18:44:50 IST" duration-ms="2" status="PASS">
          <reporter-output>
          </reporter-output>
        </test-method> <!-- beforeClass -->
        <test-method is-config="true" signature="beforeMethod()[pri:0, instance:pac1.Lab8A_TestNG@7dc0f706]" started-at="2025-08-26T18:44:50 IST" name="beforeMethod" finished-at="2025-08-26T18:44:53 IST" duration-ms="2585" status="PASS">
          <reporter-output>
          </reporter-output>
        </test-method> <!-- beforeMethod -->
        <test-method signature="f(java.lang.Integer,java.lang.String)[pri:0, instance:pac1.Lab8A_TestNG@7dc0f706]" started-at="2025-08-26T18:44:53 IST" name="f" data-provider="dp" finished-at="2025-08-26T18:44:56 IST" duration-ms="3900" status="PASS">
          <params>
            <param index="0">
              <value>
                <![CDATA[1]]>
              </value>
            </param>
            <param index="1">
              <value>
                <![CDATA[a]]>
              </value>
            </param>
          </params>
          <reporter-output>
          </reporter-output>
        </test-method> <!-- f -->
        <test-method is-config="true" signature="afterMethod()[pri:0, instance:pac1.Lab8A_TestNG@7dc0f706]" started-at="2025-08-26T18:44:56 IST" name="afterMethod" finished-at="2025-08-26T18:44:58 IST" duration-ms="1510" status="PASS">
          <reporter-output>
          </reporter-output>
        </test-method> <!-- afterMethod -->
        <test-method is-config="true" signature="beforeMethod()[pri:0, instance:pac1.Lab8A_TestNG@7dc0f706]" started-at="2025-08-26T18:44:58 IST" name="beforeMethod" finished-at="2025-08-26T18:45:01 IST" duration-ms="2681" status="PASS">
          <reporter-output>
          </reporter-output>
        </test-method> <!-- beforeMethod -->
        <test-method signature="f(java.lang.Integer,java.lang.String)[pri:0, instance:pac1.Lab8A_TestNG@7dc0f706]" started-at="2025-08-26T18:45:01 IST" name="f" data-provider="dp" finished-at="2025-08-26T18:45:07 IST" duration-ms="6318" status="PASS">
          <params>
            <param index="0">
              <value>
                <![CDATA[2]]>
              </value>
            </param>
            <param index="1">
              <value>
                <![CDATA[b]]>
              </value>
            </param>
          </params>
          <reporter-output>
          </reporter-output>
        </test-method> <!-- f -->
        <test-method is-config="true" signature="afterMethod()[pri:0, instance:pac1.Lab8A_TestNG@7dc0f706]" started-at="2025-08-26T18:45:07 IST" name="afterMethod" finished-at="2025-08-26T18:45:08 IST" duration-ms="934" status="PASS">
          <reporter-output>
          </reporter-output>
        </test-method> <!-- afterMethod -->
        <test-method is-config="true" signature="afterClass()[pri:0, instance:pac1.Lab8A_TestNG@7dc0f706]" started-at="2025-08-26T18:45:08 IST" name="afterClass" finished-at="2025-08-26T18:45:08 IST" duration-ms="1" status="PASS">
          <reporter-output>
          </reporter-output>
        </test-method> <!-- afterClass -->
        <test-method is-config="true" signature="afterTest()[pri:0, instance:pac1.Lab8A_TestNG@7dc0f706]" started-at="2025-08-26T18:45:08 IST" name="afterTest" finished-at="2025-08-26T18:45:08 IST" duration-ms="2" status="PASS">
          <reporter-output>
          </reporter-output>
        </test-method> <!-- afterTest -->
        <test-method is-config="true" signature="afterSuite()[pri:0, instance:pac1.Lab8A_TestNG@7dc0f706]" started-at="2025-08-26T18:45:08 IST" name="afterSuite" finished-at="2025-08-26T18:45:08 IST" duration-ms="1" status="PASS">
          <reporter-output>
          </reporter-output>
        </test-method> <!-- afterSuite -->
      </class> <!-- pac1.Lab8A_TestNG -->
      <class name="pac1.Lab8B_TestNG">
        <test-method is-config="true" signature="beforeSuite()[pri:0, instance:pac1.Lab8B_TestNG@37ceb1df]" started-at="2025-08-26T18:44:26 IST" name="beforeSuite" finished-at="2025-08-26T18:44:26 IST" duration-ms="0" status="PASS">
          <reporter-output>
          </reporter-output>
        </test-method> <!-- beforeSuite -->
        <test-method is-config="true" signature="beforeTest()[pri:0, instance:pac1.Lab8B_TestNG@37ceb1df]" started-at="2025-08-26T18:44:26 IST" name="beforeTest" finished-at="2025-08-26T18:44:26 IST" duration-ms="1" status="PASS">
          <reporter-output>
          </reporter-output>
        </test-method> <!-- beforeTest -->
        <test-method is-config="true" signature="beforeClass()[pri:0, instance:pac1.Lab8B_TestNG@37ceb1df]" started-at="2025-08-26T18:44:26 IST" name="beforeClass" finished-at="2025-08-26T18:44:26 IST" duration-ms="1" status="PASS">
          <reporter-output>
          </reporter-output>
        </test-method> <!-- beforeClass -->
        <test-method is-config="true" signature="beforeMethod()[pri:0, instance:pac1.Lab8B_TestNG@37ceb1df]" started-at="2025-08-26T18:44:26 IST" name="beforeMethod" finished-at="2025-08-26T18:44:31 IST" duration-ms="5541" status="PASS">
          <reporter-output>
          </reporter-output>
        </test-method> <!-- beforeMethod -->
        <test-method signature="f(java.lang.Integer,java.lang.String)[pri:0, instance:pac1.Lab8B_TestNG@37ceb1df]" started-at="2025-08-26T18:44:31 IST" name="f" data-provider="dp" finished-at="2025-08-26T18:44:38 IST" duration-ms="6365" status="PASS">
          <params>
            <param index="0">
              <value>
                <![CDATA[1]]>
              </value>
            </param>
            <param index="1">
              <value>
                <![CDATA[a]]>
              </value>
            </param>
          </params>
          <reporter-output>
          </reporter-output>
        </test-method> <!-- f -->
        <test-method is-config="true" signature="afterMethod()[pri:0, instance:pac1.Lab8B_TestNG@37ceb1df]" started-at="2025-08-26T18:44:38 IST" name="afterMethod" finished-at="2025-08-26T18:44:39 IST" duration-ms="1222" status="PASS">
          <reporter-output>
          </reporter-output>
        </test-method> <!-- afterMethod -->
        <test-method is-config="true" signature="beforeMethod()[pri:0, instance:pac1.Lab8B_TestNG@37ceb1df]" started-at="2025-08-26T18:44:39 IST" name="beforeMethod" finished-at="2025-08-26T18:44:42 IST" duration-ms="3069" status="PASS">
          <reporter-output>
          </reporter-output>
        </test-method> <!-- beforeMethod -->
        <test-method signature="f(java.lang.Integer,java.lang.String)[pri:0, instance:pac1.Lab8B_TestNG@37ceb1df]" started-at="2025-08-26T18:44:42 IST" name="f" data-provider="dp" finished-at="2025-08-26T18:44:48 IST" duration-ms="5974" status="PASS">
          <params>
            <param index="0">
              <value>
                <![CDATA[2]]>
              </value>
            </param>
            <param index="1">
              <value>
                <![CDATA[b]]>
              </value>
            </param>
          </params>
          <reporter-output>
          </reporter-output>
        </test-method> <!-- f -->
        <test-method is-config="true" signature="afterMethod()[pri:0, instance:pac1.Lab8B_TestNG@37ceb1df]" started-at="2025-08-26T18:44:48 IST" name="afterMethod" finished-at="2025-08-26T18:44:50 IST" duration-ms="2108" status="PASS">
          <reporter-output>
          </reporter-output>
        </test-method> <!-- afterMethod -->
        <test-method is-config="true" signature="afterClass()[pri:0, instance:pac1.Lab8B_TestNG@37ceb1df]" started-at="2025-08-26T18:44:50 IST" name="afterClass" finished-at="2025-08-26T18:44:50 IST" duration-ms="1" status="PASS">
          <reporter-output>
          </reporter-output>
        </test-method> <!-- afterClass -->
        <test-method is-config="true" signature="afterTest()[pri:0, instance:pac1.Lab8B_TestNG@37ceb1df]" started-at="2025-08-26T18:45:08 IST" name="afterTest" finished-at="2025-08-26T18:45:08 IST" duration-ms="1" status="PASS">
          <reporter-output>
          </reporter-output>
        </test-method> <!-- afterTest -->
        <test-method is-config="true" signature="afterSuite()[pri:0, instance:pac1.Lab8B_TestNG@37ceb1df]" started-at="2025-08-26T18:45:08 IST" name="afterSuite" finished-at="2025-08-26T18:45:08 IST" duration-ms="6" status="PASS">
          <reporter-output>
          </reporter-output>
        </test-method> <!-- afterSuite -->
      </class> <!-- pac1.Lab8B_TestNG -->
    </test> <!-- Test -->
  </suite> <!-- Suite -->
</testng-results>
