<?xml version="1.0" encoding="UTF-8"?>
<!-- Generated by org.testng.reporters.JUnitXMLReporter -->
<testsuite ignored="0" hostname="DESKTOP-M9ULESR" failures="0" tests="4" name="firefox" time="58.606" errors="0" timestamp="2025-08-26T18:28:25 IST">
  <testcase classname="pac1.TC009_TestNG" name="f" time="9.56"/>
  <testcase classname="pac1.TC009_TestNG" name="f" time="8.93"/>
  <testcase classname="pac1.TC009_TestNG2" name="f" time="7.884"/>
  <testcase classname="pac1.TC009_TestNG2" name="f" time="7.072"/>
</testsuite> <!-- firefox -->
