<?xml version="1.0" encoding="UTF-8"?>
<!-- Generated by org.testng.reporters.JUnitXMLReporter -->
<testsuite ignored="0" hostname="DESKTOP-M9ULESR" failures="0" tests="4" name="Lab8Test" time="34.434" errors="0" timestamp="2025-08-26T17:59:04 IST">
  <testcase classname="pac1.Lab4_TestNG" name="f" time="4.993"/>
  <testcase classname="pac1.Lab4_TestNG" name="f" time="5.259"/>
  <testcase classname="pac1.Lab3_TestNG" name="f" time="3.736"/>
  <testcase classname="pac1.Lab3_TestNG" name="f" time="3.65"/>
</testsuite> <!-- Lab8Test -->
