<?xml version="1.0" encoding="UTF-8"?>
<!-- Generated by org.testng.reporters.JUnitXMLReporter -->
<testsuite ignored="0" hostname="DESKTOP-M9ULESR" failures="0" tests="4" name="Test" time="42.405" errors="0" timestamp="2025-08-26T18:45:08 IST">
  <testcase classname="pac1.Lab8B_TestNG" name="f" time="6.365"/>
  <testcase classname="pac1.Lab8B_TestNG" name="f" time="5.974"/>
  <testcase classname="pac1.Lab8A_TestNG" name="f" time="3.9"/>
  <testcase classname="pac1.Lab8A_TestNG" name="f" time="6.318"/>
</testsuite> <!-- Test -->
