<?xml version="1.0" encoding="UTF-8"?>
<!-- Generated by org.testng.reporters.JUnitXMLReporter -->
<testsuite ignored="2" hostname="DESKTOP-M9ULESR" failures="0" tests="2" name="Test" time="0.118" errors="0" timestamp="2025-08-26T18:22:13 IST">
  <testcase classname="pac1.TC0010_groups" name="test2" time="0.023"/>
  <testcase classname="pac1.TC0010_groups" name="test3" time="0.002"/>
  <testcase classname="pac1.TC0010_groups" name="test1" time="0.0">
    <ignored/>
  </testcase> <!-- test1 -->
  <testcase classname="pac1.TC0010_groups" name="test4" time="0.0">
    <ignored/>
  </testcase> <!-- test4 -->
</testsuite> <!-- Test -->
